<?xml version="1.0" encoding="UTF-8"?>
<!-- Generated by org.testng.reporters.JUnitReportReporter -->
<testsuite skipped="0" hostname="AF16010DT" name="MobileTesting.com.AFAdvantage.TC004_ValidateAccidentFundWebsiteHomepageObjects" tests="1" failures="0" timestamp="26 Oct 2017 14:49:31 GMT" time="42.004" errors="0">
  <testcase name="validateAFMobileWebsiteObjects" time="42.004" classname="MobileTesting.com.AFAdvantage.TC004_ValidateAccidentFundWebsiteHomepageObjects"/>
</testsuite> <!-- MobileTesting.com.AFAdvantage.TC004_ValidateAccidentFundWebsiteHomepageObjects -->
