<?xml version="1.0" encoding="UTF-8"?>
<!-- Generated by org.testng.reporters.JUnitReportReporter -->
<testsuite skipped="0" hostname="AF16010DT" name="MobileTesting.com.AFAdvantage.TC003_ValidateUserMenu" tests="4" failures="0" timestamp="30 Oct 2017 15:30:38 GMT" time="33.138" errors="0">
  <testcase name="ValidateAFUserMenu" time="3.804" classname="MobileTesting.com.AFAdvantage.TC003_ValidateUserMenu"/>
  <testcase name="ValidateCWUserMenu" time="10.172" classname="MobileTesting.com.AFAdvantage.TC003_ValidateUserMenu"/>
  <testcase name="ValidateUHUserMenu" time="9.576" classname="MobileTesting.com.AFAdvantage.TC003_ValidateUserMenu"/>
  <testcase name="Validate3CUUserMenu" time="9.586" classname="MobileTesting.com.AFAdvantage.TC003_ValidateUserMenu"/>
</testsuite> <!-- MobileTesting.com.AFAdvantage.TC003_ValidateUserMenu -->
