<?xml version="1.0" encoding="UTF-8"?>
<!-- Generated by org.testng.reporters.JUnitReportReporter -->
<testsuite skipped="0" hostname="AF16010DT" name="MobileTesting.com.AFAdvantage.TC008_ValidateMarketingMeterialScreenAndEmailBrandSpecificInfo" tests="2" failures="0" timestamp="20 Oct 2017 20:31:04 GMT" time="87.057" errors="0">
  <testcase name="validateAFMarketingMeterialAndEmailAFSpecificInfo" time="58.522" classname="MobileTesting.com.AFAdvantage.TC008_ValidateMarketingMeterialScreenAndEmailBrandSpecificInfo"/>
  <testcase name="validateUHMarketingMeterialAndEmailAFSpecificInfo" time="28.535" classname="MobileTesting.com.AFAdvantage.TC008_ValidateMarketingMeterialScreenAndEmailBrandSpecificInfo"/>
</testsuite> <!-- MobileTesting.com.AFAdvantage.TC008_ValidateMarketingMeterialScreenAndEmailBrandSpecificInfo -->
