<?xml version="1.0" encoding="UTF-8"?>
<!-- Generated by org.testng.reporters.JUnitReportReporter -->
<testsuite skipped="0" hostname="AF16010DT" name="MobileTesting.com.AFAdvantage.TC004_ValidateWebSiteMenu" tests="1" failures="0" timestamp="19 Oct 2017 18:28:49 GMT" time="40.466" errors="0">
  <testcase name="validateAFMobileWebSite" time="40.466" classname="MobileTesting.com.AFAdvantage.TC004_ValidateWebSiteMenu"/>
</testsuite> <!-- MobileTesting.com.AFAdvantage.TC004_ValidateWebSiteMenu -->
