<?xml version="1.0" encoding="UTF-8"?>
<!-- Generated by org.testng.reporters.JUnitReportReporter -->
<testsuite skipped="0" hostname="AF16010DT" name="MobileTesting.com.AFAdvantage.TC010_TestHTMLReport" tests="4" failures="0" timestamp="30 Oct 2017 14:56:32 GMT" time="34.387" errors="0">
  <testcase name="ValidateThreeCUHomepage" time="8.226" classname="MobileTesting.com.AFAdvantage.TC010_TestHTMLReport"/>
  <testcase name="ValidateAFHomepage" time="2.764" classname="MobileTesting.com.AFAdvantage.TC010_TestHTMLReport"/>
  <testcase name="ValidateCWHomepage" time="8.424" classname="MobileTesting.com.AFAdvantage.TC010_TestHTMLReport"/>
  <testcase name="ValidateUHHomepage" time="14.973" classname="MobileTesting.com.AFAdvantage.TC010_TestHTMLReport"/>
</testsuite> <!-- MobileTesting.com.AFAdvantage.TC010_TestHTMLReport -->
