<?xml version="1.0" encoding="UTF-8"?>
<!-- Generated by org.testng.reporters.JUnitReportReporter -->
<testsuite skipped="0" hostname="AF16010DT" name="MobileTesting.com.AFAdvantage.TC004_ValidateUserMenu" tests="4" failures="0" timestamp="05 Dec 2017 21:54:49 GMT" time="39.678" errors="0">
  <testcase name="ValidateUHUserMenu" time="16.930" classname="MobileTesting.com.AFAdvantage.TC004_ValidateUserMenu"/>
  <testcase name="ValidateCWUserMenu" time="9.769" classname="MobileTesting.com.AFAdvantage.TC004_ValidateUserMenu"/>
  <testcase name="Validate3CUUserMenu" time="9.357" classname="MobileTesting.com.AFAdvantage.TC004_ValidateUserMenu"/>
  <testcase name="ValidateAFUserMenu" time="3.622" classname="MobileTesting.com.AFAdvantage.TC004_ValidateUserMenu"/>
</testsuite> <!-- MobileTesting.com.AFAdvantage.TC004_ValidateUserMenu -->
