<?xml version="1.0" encoding="UTF-8"?>
<!-- Generated by org.testng.reporters.JUnitReportReporter -->
<testsuite skipped="0" hostname="AF16010DT" name="MobileTesting.com.AFAdvantage.AndroidDriverTest" tests="1" failures="0" timestamp="28 Nov 2017 15:01:37 GMT" time="37.400" errors="0">
  <testcase name="openAFAdvantageApp" time="37.400" classname="MobileTesting.com.AFAdvantage.AndroidDriverTest"/>
</testsuite> <!-- MobileTesting.com.AFAdvantage.AndroidDriverTest -->
