<?xml version="1.0" encoding="UTF-8"?>
<!-- Generated by org.testng.reporters.JUnitReportReporter -->
<testsuite skipped="0" hostname="AF16010DT" name="MobileTesting.com.AFAdvantage.TC001_LaunchAFAdvantageAndUserSignup" tests="1" failures="0" timestamp="05 Dec 2017 21:54:49 GMT" time="34.259" errors="0">
  <testcase name="openAFAdvantageApp" time="34.259" classname="MobileTesting.com.AFAdvantage.TC001_LaunchAFAdvantageAndUserSignup"/>
</testsuite> <!-- MobileTesting.com.AFAdvantage.TC001_LaunchAFAdvantageAndUserSignup -->
