<?xml version="1.0" encoding="UTF-8"?>
<!-- Generated by org.testng.reporters.JUnitReportReporter -->
<testsuite skipped="0" hostname="AF16010DT" name="MobileTesting.com.AFAdvantage.LaunchAFAdvantageAndSignup" tests="1" failures="0" timestamp="23 Oct 2017 15:44:14 GMT" time="35.738" errors="0">
  <testcase name="openAFAdvantageApp" time="35.738" classname="MobileTesting.com.AFAdvantage.LaunchAFAdvantageAndSignup"/>
</testsuite> <!-- MobileTesting.com.AFAdvantage.LaunchAFAdvantageAndSignup -->
