<?xml version="1.0" encoding="UTF-8"?>
<!-- Generated by org.testng.reporters.JUnitReportReporter -->
<testsuite skipped="0" hostname="AF16010DT" name="MobileTesting.com.AFAdvantage.TC009_Validate_AF_CW_MarketingMeterialScreenAndEmailDocuments" tests="2" failures="0" timestamp="05 Dec 2017 21:54:49 GMT" time="108.083" errors="0">
  <testcase name="validateCWMarketingMeterialAndEmailAFSpecificInfo" time="39.973" classname="MobileTesting.com.AFAdvantage.TC009_Validate_AF_CW_MarketingMeterialScreenAndEmailDocuments"/>
  <testcase name="validateAFMarketingMeterialAndEmailAFSpecificInfo" time="68.110" classname="MobileTesting.com.AFAdvantage.TC009_Validate_AF_CW_MarketingMeterialScreenAndEmailDocuments"/>
</testsuite> <!-- MobileTesting.com.AFAdvantage.TC009_Validate_AF_CW_MarketingMeterialScreenAndEmailDocuments -->
