<?xml version="1.0" encoding="UTF-8"?>
<!-- Generated by org.testng.reporters.JUnitReportReporter -->
<testsuite skipped="0" hostname="AF16010DT" name="MobileTesting.com.AFAdvantage.TC004_ValidateAccidentFundWebsiteObjects" tests="1" failures="0" timestamp="30 Oct 2017 15:38:52 GMT" time="9.476" errors="0">
  <testcase name="validateAFMobileWebsiteObjects" time="9.476" classname="MobileTesting.com.AFAdvantage.TC004_ValidateAccidentFundWebsiteObjects"/>
</testsuite> <!-- MobileTesting.com.AFAdvantage.TC004_ValidateAccidentFundWebsiteObjects -->
