<?xml version="1.0" encoding="UTF-8"?>
<!-- Generated by org.testng.reporters.JUnitReportReporter -->
<testsuite skipped="0" hostname="AF16010DT" name="MobileTesting.com.AFAdvantage.TC006_ValidateCompWestWebsiteObjects" tests="1" failures="0" timestamp="05 Dec 2017 21:54:49 GMT" time="16.316" errors="0">
  <testcase name="validateCWMobileWebpage" time="16.316" classname="MobileTesting.com.AFAdvantage.TC006_ValidateCompWestWebsiteObjects"/>
</testsuite> <!-- MobileTesting.com.AFAdvantage.TC006_ValidateCompWestWebsiteObjects -->
