<?xml version="1.0" encoding="UTF-8"?>
<!-- Generated by org.testng.reporters.JUnitReportReporter -->
<testsuite skipped="0" hostname="AF16010DT" name="MobileTesting.com.AFAdvantage.TC011_ExtentReport_TC002" tests="4" failures="0" timestamp="05 Dec 2017 21:54:49 GMT" time="67.005" errors="0">
  <testcase name="ValidateCWHomepage" time="8.191" classname="MobileTesting.com.AFAdvantage.TC011_ExtentReport_TC002"/>
  <testcase name="ValidateUHHomepage" time="15.115" classname="MobileTesting.com.AFAdvantage.TC011_ExtentReport_TC002"/>
  <testcase name="ValidateAFHomepage" time="35.636" classname="MobileTesting.com.AFAdvantage.TC011_ExtentReport_TC002"/>
  <testcase name="ValidateThreeCUHomepage" time="8.063" classname="MobileTesting.com.AFAdvantage.TC011_ExtentReport_TC002"/>
</testsuite> <!-- MobileTesting.com.AFAdvantage.TC011_ExtentReport_TC002 -->
