<?xml version="1.0" encoding="UTF-8"?>
<!-- Generated by org.testng.reporters.JUnitReportReporter -->
<testsuite skipped="0" hostname="AF16010DT" name="MobileTesting.com.AFAdvantage.TC008_ValidateUHWebsiteObjects" tests="1" failures="0" timestamp="05 Dec 2017 21:54:49 GMT" time="15.746" errors="0">
  <testcase name="validateUHMobileWebsite" time="15.746" classname="MobileTesting.com.AFAdvantage.TC008_ValidateUHWebsiteObjects"/>
</testsuite> <!-- MobileTesting.com.AFAdvantage.TC008_ValidateUHWebsiteObjects -->
