<?xml version="1.0" encoding="UTF-8"?>
<!-- Generated by org.testng.reporters.JUnitReportReporter -->
<testsuite skipped="0" hostname="AF16010DT" name="MobileTesting.com.AFAdvantage.TC014_ValidateUHMarketingMeterialScreenAndEmailDocuments" tests="1" failures="0" timestamp="06 Dec 2017 20:30:59 GMT" time="29.574" errors="0">
  <testcase name="validateUHMarketingMeterialAndEmailAFSpecificInfo" time="29.574" classname="MobileTesting.com.AFAdvantage.TC014_ValidateUHMarketingMeterialScreenAndEmailDocuments"/>
</testsuite> <!-- MobileTesting.com.AFAdvantage.TC014_ValidateUHMarketingMeterialScreenAndEmailDocuments -->
