<?xml version="1.0" encoding="UTF-8"?>
<!-- Generated by org.testng.reporters.JUnitReportReporter -->
<testsuite skipped="0" hostname="AF16010DT" name="MobileTesting.com.AFAdvantage.TC006_Validate3CUWebsiteObjects" tests="1" failures="0" timestamp="30 Oct 2017 16:40:11 GMT" time="16.011" errors="0">
  <testcase name="validate3CUMobileWebsite" time="16.011" classname="MobileTesting.com.AFAdvantage.TC006_Validate3CUWebsiteObjects"/>
</testsuite> <!-- MobileTesting.com.AFAdvantage.TC006_Validate3CUWebsiteObjects -->
