<?xml version="1.0" encoding="UTF-8"?>
<!-- Generated by org.testng.reporters.JUnitReportReporter -->
<testsuite skipped="0" hostname="AF16010DT" name="MobileTesting.com.AFAdvantage.TC001_ValidateBrandSwapScreenAndHomepages" tests="4" failures="0" timestamp="30 Oct 2017 15:21:51 GMT" time="33.403" errors="0">
  <testcase name="ValidateCWHomepage" time="9.139" classname="MobileTesting.com.AFAdvantage.TC001_ValidateBrandSwapScreenAndHomepages"/>
  <testcase name="ValidateThreeCUHomepage" time="7.919" classname="MobileTesting.com.AFAdvantage.TC001_ValidateBrandSwapScreenAndHomepages"/>
  <testcase name="ValidateAFHomepage" time="1.281" classname="MobileTesting.com.AFAdvantage.TC001_ValidateBrandSwapScreenAndHomepages"/>
  <testcase name="ValidateUHHomepage" time="15.064" classname="MobileTesting.com.AFAdvantage.TC001_ValidateBrandSwapScreenAndHomepages"/>
</testsuite> <!-- MobileTesting.com.AFAdvantage.TC001_ValidateBrandSwapScreenAndHomepages -->
