<?xml version="1.0" encoding="UTF-8"?>
<!-- Generated by org.testng.reporters.JUnitReportReporter -->
<testsuite skipped="0" hostname="AF16010DT" name="MobileTesting.com.AFAdvantage.TC002_ValidateResourcesMenu" tests="4" failures="0" timestamp="30 Oct 2017 15:25:11 GMT" time="42.095" errors="0">
  <testcase name="ValidateUHResourcesPage" time="12.452" classname="MobileTesting.com.AFAdvantage.TC002_ValidateResourcesMenu"/>
  <testcase name="ValidateCWResourcesPage" time="12.587" classname="MobileTesting.com.AFAdvantage.TC002_ValidateResourcesMenu"/>
  <testcase name="ValidateAFResourcesPage" time="4.865" classname="MobileTesting.com.AFAdvantage.TC002_ValidateResourcesMenu"/>
  <testcase name="Validate3CUResourcesPage" time="12.191" classname="MobileTesting.com.AFAdvantage.TC002_ValidateResourcesMenu"/>
</testsuite> <!-- MobileTesting.com.AFAdvantage.TC002_ValidateResourcesMenu -->
