<?xml version="1.0" encoding="UTF-8"?>
<!-- Generated by org.testng.reporters.JUnitReportReporter -->
<testsuite skipped="0" hostname="AF16010DT" name="MobileTesting.com.AFAdvantage.SwapBrandsAndValidatePageObjects" tests="1" failures="0" timestamp="17 Oct 2017 19:41:10 GMT" time="53.891" errors="0">
  <testcase name="SwapBetweenBrands" time="53.891" classname="MobileTesting.com.AFAdvantage.SwapBrandsAndValidatePageObjects"/>
</testsuite> <!-- MobileTesting.com.AFAdvantage.SwapBrandsAndValidatePageObjects -->
