<?xml version="1.0" encoding="UTF-8"?>
<!-- Generated by org.testng.reporters.JUnitReportReporter -->
<testsuite skipped="0" hostname="AF16010DT" name="MobileTesting.com.AFAdvantage.TC012_ExtentReport_TC003" tests="4" failures="0" timestamp="05 Dec 2017 21:54:49 GMT" time="50.740" errors="0">
  <testcase name="ValidateAFResourcesPage" time="5.013" classname="MobileTesting.com.AFAdvantage.TC012_ExtentReport_TC003"/>
  <testcase name="Validate3CUResourcesPage" time="12.546" classname="MobileTesting.com.AFAdvantage.TC012_ExtentReport_TC003"/>
  <testcase name="ValidateCWResourcesPage" time="12.721" classname="MobileTesting.com.AFAdvantage.TC012_ExtentReport_TC003"/>
  <testcase name="ValidateUHResourcesPage" time="20.460" classname="MobileTesting.com.AFAdvantage.TC012_ExtentReport_TC003"/>
</testsuite> <!-- MobileTesting.com.AFAdvantage.TC012_ExtentReport_TC003 -->
