<?xml version="1.0" encoding="UTF-8"?>
<!-- Generated by org.testng.reporters.JUnitReportReporter -->
<testsuite skipped="0" hostname="AF16010DT" name="MobileTesting.com.AFAdvantage.TC009_Validate_3CU_UH_MarketingMaterialScreenAndEmailDocuments" tests="2" failures="0" timestamp="26 Oct 2017 14:49:31 GMT" time="100.334" errors="0">
  <testcase name="validate3CUMarketingMeterialAndEmailAFSpecificInfo" time="71.601" classname="MobileTesting.com.AFAdvantage.TC009_Validate_3CU_UH_MarketingMaterialScreenAndEmailDocuments"/>
  <testcase name="validateUHMarketingMeterialAndEmailAFSpecificInfo" time="28.733" classname="MobileTesting.com.AFAdvantage.TC009_Validate_3CU_UH_MarketingMaterialScreenAndEmailDocuments"/>
</testsuite> <!-- MobileTesting.com.AFAdvantage.TC009_Validate_3CU_UH_MarketingMaterialScreenAndEmailDocuments -->
