<?xml version="1.0" encoding="UTF-8"?>
<!-- Generated by org.testng.reporters.JUnitReportReporter -->
<testsuite skipped="0" hostname="AF16010DT" name="MobileTesting.com.AFAdvantage.TC007_ValidateUHWebsiteObjects" tests="1" failures="0" timestamp="30 Oct 2017 16:42:08 GMT" time="15.991" errors="0">
  <testcase name="validateUHMobileWebsite" time="15.991" classname="MobileTesting.com.AFAdvantage.TC007_ValidateUHWebsiteObjects"/>
</testsuite> <!-- MobileTesting.com.AFAdvantage.TC007_ValidateUHWebsiteObjects -->
