<?xml version="1.0" encoding="UTF-8"?>
<!-- Generated by org.testng.reporters.JUnitReportReporter -->
<testsuite skipped="0" hostname="AF16010DT" name="MobileTesting.com.AFAdvantage.TC000_LaunchAFAdvantageAndUserSignup" tests="1" failures="0" timestamp="30 Oct 2017 15:20:16 GMT" time="34.919" errors="0">
  <testcase name="openAFAdvantageApp" time="34.919" classname="MobileTesting.com.AFAdvantage.TC000_LaunchAFAdvantageAndUserSignup"/>
</testsuite> <!-- MobileTesting.com.AFAdvantage.TC000_LaunchAFAdvantageAndUserSignup -->
