<?xml version="1.0" encoding="UTF-8"?>
<!-- Generated by org.testng.reporters.JUnitReportReporter -->
<testsuite skipped="0" hostname="AF16010DT" name="MobileTesting.com.AFAdvantage.AndroidDriverTest" tests="1" failures="0" timestamp="06 Dec 2017 20:34:18 GMT" time="35.378" errors="0">
  <testcase name="openAFAdvantageApp" time="35.378" classname="MobileTesting.com.AFAdvantage.AndroidDriverTest"/>
</testsuite> <!-- MobileTesting.com.AFAdvantage.AndroidDriverTest -->
